[26/05/2026, 15:16:52] [INFO] [win32] Consultas carregadas do arquivo
[26/05/2026, 15:16:52] [INFO] [win32] Listagem de pacientes realizada
[26/05/2026, 15:17:47] [INFO] [win32] Backup gerado: medicos_backup_2026-05-26T18-17-47-049Z.json
[26/05/2026, 15:17:47] [INFO] [win32] Médico cadastrado: Dr. Carlos
[26/05/2026, 15:17:54] [INFO] [win32] Listagem de médicos realizada
[26/05/2026, 15:19:13] [INFO] [win32] Listagem de pacientes realizada
[26/05/2026, 15:19:13] [DEBUG] [win32] Consultas carregadas do cache
[26/05/2026, 15:19:52] [INFO] [win32] Listagem de médicos realizada
[26/05/2026, 15:19:52] [INFO] [win32] Listagem de pacientes realizada
[26/05/2026, 15:19:52] [DEBUG] [win32] Consultas carregadas do cache
[26/05/2026, 15:20:02] [INFO] [win32] Backup gerado: medicos_backup_2026-05-26T18-20-02-128Z.json
[26/05/2026, 15:20:02] [INFO] [win32] Médico cadastrado: Dr. João Pedro
[26/05/2026, 15:20:03] [INFO] [win32] Listagem de médicos realizada
[26/05/2026, 15:20:59] [INFO] [win32] Listagem de pacientes realizada
[26/05/2026, 15:20:59] [INFO] [win32] Listagem de médicos realizada
[26/05/2026, 15:20:59] [DEBUG] [win32] Consultas carregadas do cache
[26/05/2026, 15:22:47] [INFO] [win32] Backup gerado: pacientes_backup_2026-05-26T18-22-47-972Z.json
[26/05/2026, 15:22:47] [INFO] [win32] Paciente editado: 1779283056853
[26/05/2026, 15:22:50] [INFO] [win32] Backup gerado: pacientes_backup_2026-05-26T18-22-50-909Z.json
[26/05/2026, 15:22:50] [INFO] [win32] Paciente removido: 1779283056853
[26/05/2026, 15:25:32] [INFO] [win32] Listagem de médicos realizada
[26/05/2026, 15:25:32] [INFO] [win32] Listagem de pacientes realizada
[26/05/2026, 15:25:32] [INFO] [win32] Consultas carregadas do arquivo
[26/05/2026, 15:25:33] [INFO] [win32] Listagem de médicos realizada
[26/05/2026, 15:25:33] [INFO] [win32] Listagem de pacientes realizada
[26/05/2026, 15:25:33] [DEBUG] [win32] Consultas carregadas do cache
[26/05/2026, 15:25:36] [INFO] [win32] Backup gerado: medicos_backup_2026-05-26T18-25-36-471Z.json
[26/05/2026, 15:25:36] [INFO] [win32] Médico removido: 1779819467048
[26/05/2026, 15:25:37] [INFO] [win32] Listagem de médicos realizada
[26/05/2026, 15:25:38] [INFO] [win32] Backup gerado: medicos_backup_2026-05-26T18-25-38-522Z.json
[26/05/2026, 15:25:38] [INFO] [win32] Médico removido: 1779819602128
[26/05/2026, 15:25:39] [INFO] [win32] Listagem de médicos realizada
[26/05/2026, 15:25:40] [INFO] [win32] Backup gerado: consultas_backup_2026-05-26T18-25-40-940Z.json
[26/05/2026, 15:25:40] [INFO] [win32] Consulta cancelada: 1779283342733
[26/05/2026, 15:25:40] [INFO] [win32] Relatório gerado em Worker Thread: C:\Users\João Pedro\OneDrive\Faculdade\5º Semestre\T303-50 51 Proj de sistema operacional\AV3\sistema-agendamento\data\relatorios\relatorio-1779819940975.csv
[26/05/2026, 15:25:41] [DEBUG] [win32] Consultas carregadas do cache
[26/05/2026, 15:25:42] [INFO] [win32] Backup gerado: consultas_backup_2026-05-26T18-25-42-677Z.json
[26/05/2026, 15:25:42] [INFO] [win32] Consulta cancelada: 1779283361559
[26/05/2026, 15:25:42] [INFO] [win32] Relatório gerado em Worker Thread: C:\Users\João Pedro\OneDrive\Faculdade\5º Semestre\T303-50 51 Proj de sistema operacional\AV3\sistema-agendamento\data\relatorios\relatorio-1779819942708.csv
[26/05/2026, 15:25:43] [DEBUG] [win32] Consultas carregadas do cache
[26/05/2026, 15:25:44] [INFO] [win32] Backup gerado: consultas_backup_2026-05-26T18-25-44-283Z.json
[26/05/2026, 15:25:44] [INFO] [win32] Consulta cancelada: 1779283953113
[26/05/2026, 15:25:44] [INFO] [win32] Relatório gerado em Worker Thread: C:\Users\João Pedro\OneDrive\Faculdade\5º Semestre\T303-50 51 Proj de sistema operacional\AV3\sistema-agendamento\data\relatorios\relatorio-1779819944313.csv
[26/05/2026, 15:25:44] [DEBUG] [win32] Consultas carregadas do cache
[26/05/2026, 15:27:26] [INFO] [win32] Listagem de médicos realizada
[26/05/2026, 15:27:26] [INFO] [win32] Listagem de pacientes realizada
[26/05/2026, 15:27:26] [INFO] [win32] Consultas carregadas do arquivo
[26/05/2026, 15:27:29] [INFO] [win32] Backup gerado: pacientes_backup_2026-05-26T18-27-29-789Z.json
[26/05/2026, 15:27:29] [INFO] [win32] Paciente cadastrado: João Pedro
[26/05/2026, 15:27:30] [INFO] [win32] Listagem de pacientes realizada
[26/05/2026, 15:27:43] [INFO] [win32] Backup gerado: medicos_backup_2026-05-26T18-27-43-956Z.json
[26/05/2026, 15:27:43] [INFO] [win32] Médico cadastrado: Dra. Eliane
[26/05/2026, 15:27:44] [INFO] [win32] Listagem de médicos realizada
[26/05/2026, 15:27:58] [INFO] [win32] Backup gerado: consultas_backup_2026-05-26T18-27-58-250Z.json
[26/05/2026, 15:27:58] [INFO] [win32] Consulta agendada: João Pedro com Dra.Eliane
[26/05/2026, 15:27:58] [INFO] [win32] Relatório gerado em Worker Thread: C:\Users\João Pedro\OneDrive\Faculdade\5º Semestre\T303-50 51 Proj de sistema operacional\AV3\sistema-agendamento\data\relatorios\relatorio-1779820078285.csv
[26/05/2026, 15:27:58] [DEBUG] [win32] Consultas carregadas do cache
[26/05/2026, 15:28:46] [INFO] [win32] Listagem de médicos realizada
[26/05/2026, 15:28:46] [INFO] [win32] Listagem de pacientes realizada
[26/05/2026, 15:28:46] [DEBUG] [win32] Consultas carregadas do cache
[26/05/2026, 15:28:56] [INFO] [win32] Listagem de médicos realizada
[26/05/2026, 15:28:56] [INFO] [win32] Listagem de pacientes realizada
[26/05/2026, 15:28:56] [DEBUG] [win32] Consultas carregadas do cache
[26/05/2026, 15:29:06] [INFO] [win32] Listagem de pacientes realizada
[26/05/2026, 15:29:06] [DEBUG] [win32] Consultas carregadas do cache
[26/05/2026, 15:29:06] [INFO] [win32] Listagem de médicos realizada
[26/05/2026, 15:29:32] [INFO] [win32] Listagem de médicos realizada
[26/05/2026, 15:29:32] [INFO] [win32] Listagem de pacientes realizada
[26/05/2026, 15:29:32] [DEBUG] [win32] Consultas carregadas do cache
[26/05/2026, 15:29:35] [INFO] [win32] Listagem de médicos realizada
[26/05/2026, 15:29:35] [INFO] [win32] Listagem de pacientes realizada
[26/05/2026, 15:29:35] [DEBUG] [win32] Consultas carregadas do cache
[26/05/2026, 15:29:36] [INFO] [win32] Listagem de médicos realizada
[26/05/2026, 15:29:36] [INFO] [win32] Listagem de pacientes realizada
[26/05/2026, 15:29:36] [DEBUG] [win32] Consultas carregadas do cache
[26/05/2026, 15:29:36] [INFO] [win32] Listagem de médicos realizada
[26/05/2026, 15:29:36] [INFO] [win32] Listagem de pacientes realizada
[26/05/2026, 15:29:36] [DEBUG] [win32] Consultas carregadas do cache
[26/05/2026, 15:29:36] [INFO] [win32] Listagem de médicos realizada
[26/05/2026, 15:29:36] [INFO] [win32] Listagem de pacientes realizada
[26/05/2026, 15:29:36] [DEBUG] [win32] Consultas carregadas do cache
[26/05/2026, 15:29:36] [INFO] [win32] Listagem de médicos realizada
[26/05/2026, 15:29:36] [INFO] [win32] Listagem de pacientes realizada
[26/05/2026, 15:29:36] [DEBUG] [win32] Consultas carregadas do cache
[26/05/2026, 15:30:55] [INFO] [win32] Listagem de médicos realizada
[26/05/2026, 15:30:55] [INFO] [win32] Listagem de pacientes realizada
[26/05/2026, 15:30:55] [DEBUG] [win32] Consultas carregadas do cache
[26/05/2026, 15:30:56] [INFO] [win32] Listagem de médicos realizada
[26/05/2026, 15:30:56] [INFO] [win32] Listagem de pacientes realizada
[26/05/2026, 15:30:56] [DEBUG] [win32] Consultas carregadas do cache
[26/05/2026, 15:30:56] [INFO] [win32] Listagem de médicos realizada
[26/05/2026, 15:30:56] [INFO] [win32] Listagem de pacientes realizada
[26/05/2026, 15:30:56] [DEBUG] [win32] Consultas carregadas do cache
[26/05/2026, 15:30:56] [INFO] [win32] Listagem de médicos realizada
[26/05/2026, 15:30:56] [INFO] [win32] Listagem de pacientes realizada
[26/05/2026, 15:30:56] [DEBUG] [win32] Consultas carregadas do cache
[26/05/2026, 15:30:56] [INFO] [win32] Listagem de médicos realizada
[26/05/2026, 15:30:56] [INFO] [win32] Listagem de pacientes realizada
[26/05/2026, 15:30:56] [DEBUG] [win32] Consultas carregadas do cache
[26/05/2026, 15:30:56] [INFO] [win32] Listagem de médicos realizada
[26/05/2026, 15:30:56] [INFO] [win32] Listagem de pacientes realizada
[26/05/2026, 15:30:56] [DEBUG] [win32] Consultas carregadas do cache
[26/05/2026, 15:31:01] [INFO] [win32] Backup gerado: consultas_backup_2026-05-26T18-31-01-678Z.json
[26/05/2026, 15:31:01] [INFO] [win32] Consulta cancelada: 1779820078250
[26/05/2026, 15:31:01] [INFO] [win32] Relatório gerado em Worker Thread: C:\Users\João Pedro\OneDrive\Faculdade\5º Semestre\T303-50 51 Proj de sistema operacional\AV3\sistema-agendamento\data\relatorios\relatorio-1779820261710.csv
[26/05/2026, 15:31:02] [DEBUG] [win32] Consultas carregadas do cache
[26/05/2026, 15:32:49] [INFO] [win32] Listagem de pacientes realizada
[26/05/2026, 15:32:49] [INFO] [win32] Listagem de médicos realizada
[26/05/2026, 15:32:49] [INFO] [win32] Consultas carregadas do arquivo
[26/05/2026, 15:33:00] [INFO] [win32] Backup gerado: medicos_backup_2026-05-26T18-33-00-301Z.json
[26/05/2026, 15:33:00] [INFO] [win32] Médico removido: 1779820063955
[26/05/2026, 15:33:00] [INFO] [win32] Listagem de pacientes realizada
[26/05/2026, 15:33:00] [INFO] [win32] Listagem de médicos realizada
[26/05/2026, 15:33:00] [DEBUG] [win32] Consultas carregadas do cache
[26/05/2026, 15:33:02] [INFO] [win32] Backup gerado: pacientes_backup_2026-05-26T18-33-02-041Z.json
[26/05/2026, 15:33:02] [INFO] [win32] Paciente removido: 1779820049789
[26/05/2026, 15:33:02] [INFO] [win32] Listagem de pacientes realizada
[26/05/2026, 15:33:02] [INFO] [win32] Listagem de médicos realizada
[26/05/2026, 15:33:02] [DEBUG] [win32] Consultas carregadas do cache
[26/05/2026, 15:33:11] [INFO] [win32] Backup gerado: pacientes_backup_2026-05-26T18-33-11-596Z.json
[26/05/2026, 15:33:11] [INFO] [win32] Paciente cadastrado: Gerhard
[26/05/2026, 15:33:11] [INFO] [win32] Listagem de pacientes realizada
[26/05/2026, 15:33:11] [INFO] [win32] Listagem de médicos realizada
[26/05/2026, 15:33:11] [DEBUG] [win32] Consultas carregadas do cache
[26/05/2026, 15:33:18] [INFO] [win32] Backup gerado: medicos_backup_2026-05-26T18-33-18-874Z.json
[26/05/2026, 15:33:18] [INFO] [win32] Médico cadastrado: Dr. Mendes
[26/05/2026, 15:33:18] [INFO] [win32] Listagem de pacientes realizada
[26/05/2026, 15:33:18] [INFO] [win32] Listagem de médicos realizada
[26/05/2026, 15:33:18] [DEBUG] [win32] Consultas carregadas do cache
[26/05/2026, 15:33:36] [INFO] [win32] Backup gerado: consultas_backup_2026-05-26T18-33-36-949Z.json
[26/05/2026, 15:33:36] [INFO] [win32] Consulta agendada: Gerhard com Dr. Mendes
[26/05/2026, 15:33:36] [INFO] [win32] Listagem de pacientes realizada
[26/05/2026, 15:33:36] [INFO] [win32] Listagem de médicos realizada
[26/05/2026, 15:33:36] [DEBUG] [win32] Consultas carregadas do cache
[26/05/2026, 15:33:36] [INFO] [win32] Relatório gerado em Worker Thread: C:\Users\João Pedro\OneDrive\Faculdade\5º Semestre\T303-50 51 Proj de sistema operacional\AV3\sistema-agendamento\data\relatorios\relatorio-1779820416977.csv
[26/05/2026, 15:36:17] [INFO] [win32] Listagem de pacientes realizada
[26/05/2026, 15:36:17] [INFO] [win32] Listagem de médicos realizada
[26/05/2026, 15:36:17] [INFO] [win32] Consultas carregadas do arquivo
[26/05/2026, 15:36:39] [INFO] [win32] Listagem de pacientes realizada
[26/05/2026, 15:36:39] [INFO] [win32] Listagem de médicos realizada
[26/05/2026, 15:36:39] [DEBUG] [win32] Consultas carregadas do cache
[26/05/2026, 15:37:38] [INFO] [win32] Listagem de pacientes realizada
[26/05/2026, 15:37:38] [INFO] [win32] Listagem de médicos realizada
[26/05/2026, 15:37:38] [DEBUG] [win32] Consultas carregadas do cache
[26/05/2026, 15:38:20] [INFO] [win32] Listagem de pacientes realizada
[26/05/2026, 15:38:20] [INFO] [win32] Listagem de médicos realizada
[26/05/2026, 15:38:20] [DEBUG] [win32] Consultas carregadas do cache
[26/05/2026, 15:42:32] [INFO] [win32] Listagem de pacientes realizada
[26/05/2026, 15:42:32] [INFO] [win32] Listagem de médicos realizada
[26/05/2026, 15:56:43] [INFO] [win32] Listagem de pacientes realizada
[26/05/2026, 15:56:43] [INFO] [win32] Listagem de médicos realizada
[26/05/2026, 15:56:44] [INFO] [win32] Listagem de pacientes realizada
[26/05/2026, 15:56:44] [INFO] [win32] Listagem de médicos realizada
[26/05/2026, 15:56:46] [INFO] [win32] Listagem de pacientes realizada
[26/05/2026, 15:56:46] [INFO] [win32] Listagem de médicos realizada
[26/05/2026, 15:56:50] [INFO] [win32] Listagem de pacientes realizada
[26/05/2026, 15:56:50] [INFO] [win32] Listagem de médicos realizada
[26/05/2026, 15:56:50] [INFO] [win32] Listagem de pacientes realizada
[26/05/2026, 15:56:50] [INFO] [win32] Listagem de médicos realizada
[26/05/2026, 15:56:50] [INFO] [win32] Listagem de pacientes realizada
[26/05/2026, 15:56:50] [INFO] [win32] Listagem de médicos realizada
[26/05/2026, 15:56:50] [INFO] [win32] Listagem de pacientes realizada
[26/05/2026, 15:56:50] [INFO] [win32] Listagem de médicos realizada
[26/05/2026, 15:56:59] [INFO] [win32] Listagem de pacientes realizada
[26/05/2026, 15:56:59] [INFO] [win32] Listagem de médicos realizada
[26/05/2026, 15:57:02] [INFO] [win32] Listagem de pacientes realizada
[26/05/2026, 15:57:02] [INFO] [win32] Listagem de médicos realizada
[26/05/2026, 15:57:03] [INFO] [win32] Listagem de pacientes realizada
[26/05/2026, 15:57:03] [INFO] [win32] Listagem de médicos realizada
[26/05/2026, 15:57:06] [INFO] [win32] Backup gerado: pacientes_backup_2026-05-26T18-57-06-921Z.json
[26/05/2026, 15:57:06] [INFO] [win32] Paciente cadastrado: Teste
[26/05/2026, 15:57:06] [INFO] [win32] Listagem de pacientes realizada
[26/05/2026, 15:57:06] [INFO] [win32] Listagem de médicos realizada
[26/05/2026, 15:57:08] [INFO] [win32] Listagem de pacientes realizada
[26/05/2026, 15:57:08] [INFO] [win32] Listagem de médicos realizada
[26/05/2026, 15:57:21] [INFO] [win32] Listagem de pacientes realizada
[26/05/2026, 15:57:21] [INFO] [win32] Listagem de médicos realizada
[26/05/2026, 15:58:14] [INFO] [win32] Listagem de pacientes realizada
[26/05/2026, 15:58:14] [INFO] [win32] Listagem de médicos realizada
[26/05/2026, 15:58:14] [INFO] [win32] Consultas carregadas do arquivo
