[20/05/2026, 10:01:24] [INFO] [win32] Listagem de pacientes realizada
[20/05/2026, 10:01:29] [INFO] [win32] Listagem de pacientes realizada
[20/05/2026, 10:01:40] [INFO] [win32] Backup gerado: pacientes_backup_2026-05-20T13-01-40-984Z.json
[20/05/2026, 10:01:40] [INFO] [win32] Paciente cadastrado: João Pedro Mendes
[20/05/2026, 10:01:42] [INFO] [win32] Listagem de pacientes realizada
[20/05/2026, 10:01:51] [INFO] [win32] Listagem de pacientes realizada
[20/05/2026, 10:01:51] [INFO] [win32] Listagem de pacientes realizada
[20/05/2026, 10:01:51] [INFO] [win32] Listagem de pacientes realizada
[20/05/2026, 10:01:51] [INFO] [win32] Listagem de pacientes realizada
[20/05/2026, 10:01:52] [INFO] [win32] Listagem de pacientes realizada
[20/05/2026, 10:06:17] [INFO] [win32] Listagem de pacientes realizada
[20/05/2026, 10:09:10] [INFO] [win32] Backup gerado: consultas_backup_2026-05-20T13-09-10-074Z.json
[20/05/2026, 10:09:10] [INFO] [win32] Consulta agendada: João Pedro com Dr. Carlos
[20/05/2026, 10:09:10] [INFO] [win32] Relatório gerado em Worker Thread: C:\Users\João Pedro\OneDrive\Faculdade\5º Semestre\T303-50 51 Proj de sistema operacional\AV3\sistema-agendamento\data\relatorios\relatorio-1779282550143.csv
[20/05/2026, 10:10:40] [INFO] [win32] Listagem de pacientes realizada
[20/05/2026, 10:10:40] [INFO] [win32] Listagem de consultas realizada
[20/05/2026, 10:15:20] [INFO] [win32] Listagem de pacientes realizada
[20/05/2026, 10:15:41] [INFO] [win32] Backup gerado: consultas_backup_2026-05-20T13-15-41-270Z.json
[20/05/2026, 10:15:50] [ERROR] [win32] Conflito de horário: Dr. Gerhard em 2026-05-20 às 10:30
[20/05/2026, 10:15:53] [INFO] [win32] Listagem de pacientes realizada
[20/05/2026, 10:17:36] [INFO] [win32] Backup gerado: pacientes_backup_2026-05-20T13-17-36-854Z.json
[20/05/2026, 10:17:36] [INFO] [win32] Paciente cadastrado: Maria Silva
[20/05/2026, 10:17:55] [INFO] [win32] Listagem de pacientes realizada
[20/05/2026, 10:18:21] [INFO] [win32] Backup gerado: consultas_backup_2026-05-20T13-18-21-750Z.json
[20/05/2026, 10:20:13] [ERROR] [win32] Conflito de horário: Dr. Carlos em 2026-05-21 às 09:00
[20/05/2026, 10:21:16] [INFO] [win32] Backup gerado: consultas_backup_2026-05-20T13-21-16-335Z.json
[20/05/2026, 10:21:16] [INFO] [win32] Consulta agendada: Maria Silva com Dr. Carlos
[20/05/2026, 10:21:16] [INFO] [win32] Relatório gerado em Worker Thread: C:\Users\João Pedro\OneDrive\Faculdade\5º Semestre\T303-50 51 Proj de sistema operacional\AV3\sistema-agendamento\data\relatorios\relatorio-1779283276378.csv
[20/05/2026, 10:21:51] [DEBUG] [win32] Consultas carregadas do cache
[20/05/2026, 10:22:22] [INFO] [win32] Backup gerado: consultas_backup_2026-05-20T13-22-22-734Z.json
[20/05/2026, 10:22:22] [INFO] [win32] Consulta agendada: Maria Silva com Dra. Ana
[20/05/2026, 10:22:22] [INFO] [win32] Relatório gerado em Worker Thread: C:\Users\João Pedro\OneDrive\Faculdade\5º Semestre\T303-50 51 Proj de sistema operacional\AV3\sistema-agendamento\data\relatorios\relatorio-1779283342778.csv
[20/05/2026, 10:22:41] [INFO] [win32] Backup gerado: consultas_backup_2026-05-20T13-22-41-560Z.json
[20/05/2026, 10:22:41] [INFO] [win32] Consulta agendada: Maria Silva com Dr. Carlos
[20/05/2026, 10:22:41] [INFO] [win32] Relatório gerado em Worker Thread: C:\Users\João Pedro\OneDrive\Faculdade\5º Semestre\T303-50 51 Proj de sistema operacional\AV3\sistema-agendamento\data\relatorios\relatorio-1779283361607.csv
[20/05/2026, 10:29:09] [INFO] [win32] Backup gerado: consultas_backup_2026-05-20T13-29-09-173Z.json
[20/05/2026, 10:29:09] [INFO] [win32] Consulta cancelada: 1779283101749
[20/05/2026, 10:29:09] [INFO] [win32] Relatório gerado em Worker Thread: C:\Users\João Pedro\OneDrive\Faculdade\5º Semestre\T303-50 51 Proj de sistema operacional\AV3\sistema-agendamento\data\relatorios\relatorio-1779283749243.csv
[20/05/2026, 10:29:52] [DEBUG] [win32] Consultas carregadas do cache
[20/05/2026, 10:31:02] [DEBUG] [win32] Consultas carregadas do cache
[20/05/2026, 10:31:24] [INFO] [win32] Backup gerado: consultas_backup_2026-05-20T13-31-24-860Z.json
[20/05/2026, 10:31:24] [INFO] [win32] Consulta cancelada: 1779283276335
[20/05/2026, 10:31:24] [INFO] [win32] Relatório gerado em Worker Thread: C:\Users\João Pedro\OneDrive\Faculdade\5º Semestre\T303-50 51 Proj de sistema operacional\AV3\sistema-agendamento\data\relatorios\relatorio-1779283884887.csv
[20/05/2026, 10:31:40] [DEBUG] [win32] Consultas carregadas do cache
[20/05/2026, 10:32:13] [DEBUG] [win32] Consultas carregadas do cache
[20/05/2026, 10:32:33] [INFO] [win32] Backup gerado: consultas_backup_2026-05-20T13-32-33-115Z.json
[20/05/2026, 10:32:33] [INFO] [win32] Consulta agendada: Pedro com Dr. Carlos
[20/05/2026, 10:32:33] [INFO] [win32] Relatório gerado em Worker Thread: C:\Users\João Pedro\OneDrive\Faculdade\5º Semestre\T303-50 51 Proj de sistema operacional\AV3\sistema-agendamento\data\relatorios\relatorio-1779283953144.csv
[20/05/2026, 10:33:08] [DEBUG] [win32] Consultas carregadas do cache
[20/05/2026, 10:33:38] [INFO] [win32] Backup gerado: consultas_backup_2026-05-20T13-33-38-906Z.json
[20/05/2026, 10:33:38] [INFO] [win32] Consulta editada: 1779283342733
[20/05/2026, 10:33:38] [INFO] [win32] Relatório gerado em Worker Thread: C:\Users\João Pedro\OneDrive\Faculdade\5º Semestre\T303-50 51 Proj de sistema operacional\AV3\sistema-agendamento\data\relatorios\relatorio-1779284018938.csv
[20/05/2026, 10:34:21] [INFO] [win32] Listagem de pacientes realizada
[20/05/2026, 10:34:21] [DEBUG] [win32] Consultas carregadas do cache
[20/05/2026, 10:34:45] [INFO] [win32] Listagem de pacientes realizada
[20/05/2026, 10:34:45] [DEBUG] [win32] Consultas carregadas do cache
